exit status 1
ERROR: 2024/10/07 11:19:04 module.go:163: container exited with non-zero status: 1
exit status 1
ERROR: 2024/10/07 11:19:04 module.go:163: container exited with non-zero status: 1
exit status 1
ERROR: 2024/10/07 11:19:04 module.go:163: container exited with non-zero status: 1
exit status 1
ERROR: 2024/10/07 11:19:04 module.go:163: container exited with non-zero status: 1
exit status 1
ERROR: 2024/10/07 11:19:04 module.go:163: container exited with non-zero status: 1
exit status 1
ERROR: 2024/10/07 11:19:04 module.go:163: container exited with non-zero status: 1
exit status 1
ERROR: 2024/10/07 11:19:16 module.go:163: container exited with non-zero status: 1
exit status 1
ERROR: 2024/10/07 11:19:16 module.go:163: container exited with non-zero status: 1
exit status 1
ERROR: 2024/10/07 11:19:16 module.go:163: container exited with non-zero status: 1
exit status 1
ERROR: 2024/10/07 11:19:17 module.go:163: container exited with non-zero status: 1
exit status 1
ERROR: 2024/10/07 11:19:17 module.go:163: container exited with non-zero status: 1
exit status 1
ERROR: 2024/10/07 11:19:17 module.go:163: container exited with non-zero status: 1
exit status 1
ERROR: 2024/10/07 11:19:17 module.go:163: container exited with non-zero status: 1
exit status 1
ERROR: 2024/10/07 11:21:29 module.go:163: container exited with non-zero status: 1
exit status 1
ERROR: 2024/10/07 11:21:30 module.go:163: container exited with non-zero status: 1
exit status 1
ERROR: 2024/10/07 11:21:30 module.go:163: container exited with non-zero status: 1
exit status 1
ERROR: 2024/10/07 11:21:30 module.go:163: container exited with non-zero status: 1
exit status 1
ERROR: 2024/10/07 11:21:30 module.go:163: container exited with non-zero status: 1
exit status 1
ERROR: 2024/10/07 11:21:30 module.go:163: container exited with non-zero status: 1
exit status 1
ERROR: 2024/10/07 11:22:47 module.go:163: container exited with non-zero status: 1
exit status 1
ERROR: 2024/10/07 11:22:47 module.go:163: container exited with non-zero status: 1
exit status 1
ERROR: 2024/10/07 11:22:47 module.go:163: container exited with non-zero status: 1
exit status 1
ERROR: 2024/10/07 11:22:47 module.go:163: container exited with non-zero status: 1
exit status 1
ERROR: 2024/10/07 11:22:47 module.go:163: container exited with non-zero status: 1
exit status 1
ERROR: 2024/10/07 11:22:47 module.go:163: container exited with non-zero status: 1
exit status 1
ERROR: 2024/10/07 11:25:15 module.go:163: container exited with non-zero status: 1
exit status 1
ERROR: 2024/10/07 11:25:16 module.go:163: container exited with non-zero status: 1
exit status 1
ERROR: 2024/10/07 11:25:16 module.go:163: container exited with non-zero status: 1
exit status 1
ERROR: 2024/10/07 11:25:16 module.go:163: container exited with non-zero status: 1
exit status 1
ERROR: 2024/10/07 11:25:16 module.go:163: container exited with non-zero status: 1
exit status 1
ERROR: 2024/10/07 11:25:16 module.go:163: container exited with non-zero status: 1
exit status 1
ERROR: 2024/10/07 11:25:16 module.go:163: container exited with non-zero status: 1
exit status 1
ERROR: 2024/10/07 11:25:44 module.go:163: container exited with non-zero status: 1
exit status 1
ERROR: 2024/10/07 11:25:45 module.go:163: container exited with non-zero status: 1
exit status 1
ERROR: 2024/10/07 11:25:45 module.go:163: container exited with non-zero status: 1
exit status 1
ERROR: 2024/10/07 11:25:45 module.go:163: container exited with non-zero status: 1
exit status 1
ERROR: 2024/10/07 11:25:45 module.go:163: container exited with non-zero status: 1
exit status 1
ERROR: 2024/10/07 11:25:45 module.go:163: container exited with non-zero status: 1
exit status 1
ERROR: 2024/10/07 11:28:08 module.go:163: container exited with non-zero status: 1
exit status 1
ERROR: 2024/10/07 11:28:09 module.go:163: container exited with non-zero status: 1
exit status 1
ERROR: 2024/10/07 11:28:09 module.go:163: container exited with non-zero status: 1
exit status 1
ERROR: 2024/10/07 11:28:09 module.go:163: container exited with non-zero status: 1
exit status 1
ERROR: 2024/10/07 11:28:09 module.go:163: container exited with non-zero status: 1
exit status 1
ERROR: 2024/10/07 11:28:09 module.go:163: container exited with non-zero status: 1
exit status 1
ERROR: 2024/10/07 11:29:28 module.go:163: container exited with non-zero status: 1
exit status 1
ERROR: 2024/10/07 11:29:28 module.go:163: container exited with non-zero status: 1
exit status 1
ERROR: 2024/10/07 11:29:28 module.go:163: container exited with non-zero status: 1
exit status 1
ERROR: 2024/10/07 11:29:28 module.go:163: container exited with non-zero status: 1
exit status 1
ERROR: 2024/10/07 11:29:29 module.go:163: container exited with non-zero status: 1
exit status 1
ERROR: 2024/10/07 11:29:29 module.go:163: container exited with non-zero status: 1
exit status 1
ERROR: 2024/10/07 11:29:29 module.go:163: container exited with non-zero status: 1
exit status 1
ERROR: 2024/10/07 11:32:15 module.go:163: container exited with non-zero status: 1
exit status 1
ERROR: 2024/10/07 11:32:15 module.go:163: container exited with non-zero status: 1
exit status 1
ERROR: 2024/10/07 11:32:15 module.go:163: container exited with non-zero status: 1
exit status 1
ERROR: 2024/10/07 11:32:15 module.go:163: container exited with non-zero status: 1
exit status 1
ERROR: 2024/10/07 11:32:15 module.go:163: container exited with non-zero status: 1
exit status 1
ERROR: 2024/10/07 11:32:15 module.go:163: container exited with non-zero status: 1
ERROR: 2024/10/07 11:43:33 module.go:149: fetching container logs: Error response from daemon: can not get logs from container which is dead or marked for removal
exit status 1
ERROR: 2024/10/07 11:43:33 module.go:163: container exited with non-zero status: 1
exit status 1
ERROR: 2024/10/07 11:43:33 module.go:163: container exited with non-zero status: 1
exit status 1
ERROR: 2024/10/07 11:43:33 module.go:163: container exited with non-zero status: 1
exit status 1
ERROR: 2024/10/07 11:43:33 module.go:163: container exited with non-zero status: 1
ERROR: 2024/10/07 09:43:34 testutils.go:131: oltolmac-00/ex02/yes timed out: -1
ERROR: 2024/10/07 09:43:35 testutils.go:131: oltolmac-00/ex02/collatz timed out: -1
exit status 1
ERROR: 2024/10/07 11:43:35 module.go:163: container exited with non-zero status: 1
exit status 1
ERROR: 2024/10/07 11:51:27 module.go:163: container exited with non-zero status: 1
exit status 1
ERROR: 2024/10/07 11:51:27 module.go:163: container exited with non-zero status: 1
exit status 1
ERROR: 2024/10/07 11:51:27 module.go:163: container exited with non-zero status: 1
exit status 1
ERROR: 2024/10/07 11:51:28 module.go:163: container exited with non-zero status: 1
exit status 1
exit status 1
ERROR: 2024/10/07 11:51:28 module.go:163: container exited with non-zero status: 1
ERROR: 2024/10/07 11:51:28 module.go:163: container exited with non-zero status: 1
exit status 1
exit status 1
ERROR: 2024/10/07 11:51:32 module.go:163: container exited with non-zero status: 1
ERROR: 2024/10/07 11:51:32 module.go:163: container exited with non-zero status: 1
exit status 1
ERROR: 2024/10/07 11:51:32 module.go:163: container exited with non-zero status: 1
exit status 1
ERROR: 2024/10/07 11:51:32 module.go:163: container exited with non-zero status: 1
exit status 1
exit status 1
ERROR: 2024/10/07 11:51:32 module.go:163: container exited with non-zero status: 1
ERROR: 2024/10/07 11:51:32 module.go:163: container exited with non-zero status: 1
exit status 1
ERROR: 2024/10/07 11:51:32 module.go:163: container exited with non-zero status: 1
exit status 1
ERROR: 2024/10/07 11:52:24 module.go:163: container exited with non-zero status: 1
exit status 1
ERROR: 2024/10/07 11:52:25 module.go:163: container exited with non-zero status: 1
exit status 1
ERROR: 2024/10/07 11:52:25 module.go:163: container exited with non-zero status: 1
exit status 1
ERROR: 2024/10/07 11:52:25 module.go:163: container exited with non-zero status: 1
ERROR: 2024/10/07 09:52:26 testutils.go:131: rbasyrov-00/ex02/yes timed out: -1
exit status 1
ERROR: 2024/10/07 11:52:35 module.go:163: container exited with non-zero status: 1
exit status 1
ERROR: 2024/10/07 11:52:36 module.go:163: container exited with non-zero status: 1
exit status 1
ERROR: 2024/10/07 11:52:36 module.go:163: container exited with non-zero status: 1
exit status 1
ERROR: 2024/10/07 11:52:36 module.go:163: container exited with non-zero status: 1
exit status 1
ERROR: 2024/10/07 11:52:36 module.go:163: container exited with non-zero status: 1
exit status 1
ERROR: 2024/10/07 11:52:37 module.go:163: container exited with non-zero status: 1
ERROR: 2024/10/07 09:52:37 testutils.go:131: lbaumeis-00/ex02/yes timed out: -1
exit status 1
ERROR: 2024/10/07 11:54:56 module.go:163: container exited with non-zero status: 1
exit status 1
ERROR: 2024/10/07 11:54:57 module.go:163: container exited with non-zero status: 1
exit status 1
ERROR: 2024/10/07 11:54:57 module.go:163: container exited with non-zero status: 1
exit status 1
ERROR: 2024/10/07 11:54:57 module.go:163: container exited with non-zero status: 1
exit status 1
ERROR: 2024/10/07 11:54:57 module.go:163: container exited with non-zero status: 1
exit status 1
ERROR: 2024/10/07 11:54:57 module.go:163: container exited with non-zero status: 1
exit status 1
ERROR: 2024/10/07 11:54:57 module.go:163: container exited with non-zero status: 1
exit status 1
ERROR: 2024/10/07 11:54:57 module.go:163: container exited with non-zero status: 1
